2024-05-08 18:09:47,965:WARNING:
'cuml' is a soft dependency and not included in the pycaret installation. Please run: `pip install cuml` to install.
2024-05-08 18:09:47,965:WARNING:
'cuml' is a soft dependency and not included in the pycaret installation. Please run: `pip install cuml` to install.
2024-05-08 18:09:47,965:WARNING:
'cuml' is a soft dependency and not included in the pycaret installation. Please run: `pip install cuml` to install.
2024-05-08 18:09:47,965:WARNING:
'cuml' is a soft dependency and not included in the pycaret installation. Please run: `pip install cuml` to install.
2024-05-08 18:15:09,787:WARNING:
'cuml' is a soft dependency and not included in the pycaret installation. Please run: `pip install cuml` to install.
2024-05-08 18:15:09,789:WARNING:
'cuml' is a soft dependency and not included in the pycaret installation. Please run: `pip install cuml` to install.
2024-05-08 18:15:09,789:WARNING:
'cuml' is a soft dependency and not included in the pycaret installation. Please run: `pip install cuml` to install.
2024-05-08 18:15:09,789:WARNING:
'cuml' is a soft dependency and not included in the pycaret installation. Please run: `pip install cuml` to install.
2024-05-08 18:15:54,574:WARNING:
'cuml' is a soft dependency and not included in the pycaret installation. Please run: `pip install cuml` to install.
2024-05-08 18:15:54,580:WARNING:
'cuml' is a soft dependency and not included in the pycaret installation. Please run: `pip install cuml` to install.
2024-05-08 18:15:54,580:WARNING:
'cuml' is a soft dependency and not included in the pycaret installation. Please run: `pip install cuml` to install.
2024-05-08 18:15:54,580:WARNING:
'cuml' is a soft dependency and not included in the pycaret installation. Please run: `pip install cuml` to install.
2024-05-08 18:16:07,588:WARNING:
'cuml' is a soft dependency and not included in the pycaret installation. Please run: `pip install cuml` to install.
2024-05-08 18:16:07,594:WARNING:
'cuml' is a soft dependency and not included in the pycaret installation. Please run: `pip install cuml` to install.
2024-05-08 18:16:07,594:WARNING:
'cuml' is a soft dependency and not included in the pycaret installation. Please run: `pip install cuml` to install.
2024-05-08 18:16:07,594:WARNING:
'cuml' is a soft dependency and not included in the pycaret installation. Please run: `pip install cuml` to install.
2024-05-08 18:17:35,144:WARNING:
'cuml' is a soft dependency and not included in the pycaret installation. Please run: `pip install cuml` to install.
2024-05-08 18:17:35,149:WARNING:
'cuml' is a soft dependency and not included in the pycaret installation. Please run: `pip install cuml` to install.
2024-05-08 18:17:35,149:WARNING:
'cuml' is a soft dependency and not included in the pycaret installation. Please run: `pip install cuml` to install.
2024-05-08 18:17:35,149:WARNING:
'cuml' is a soft dependency and not included in the pycaret installation. Please run: `pip install cuml` to install.
2024-05-08 18:19:06,229:WARNING:
'cuml' is a soft dependency and not included in the pycaret installation. Please run: `pip install cuml` to install.
2024-05-08 18:19:06,235:WARNING:
'cuml' is a soft dependency and not included in the pycaret installation. Please run: `pip install cuml` to install.
2024-05-08 18:19:06,235:WARNING:
'cuml' is a soft dependency and not included in the pycaret installation. Please run: `pip install cuml` to install.
2024-05-08 18:19:06,235:WARNING:
'cuml' is a soft dependency and not included in the pycaret installation. Please run: `pip install cuml` to install.
2024-05-08 19:05:37,300:WARNING:
'cuml' is a soft dependency and not included in the pycaret installation. Please run: `pip install cuml` to install.
2024-05-08 19:05:37,301:WARNING:
'cuml' is a soft dependency and not included in the pycaret installation. Please run: `pip install cuml` to install.
2024-05-08 19:05:37,301:WARNING:
'cuml' is a soft dependency and not included in the pycaret installation. Please run: `pip install cuml` to install.
2024-05-08 19:05:37,301:WARNING:
'cuml' is a soft dependency and not included in the pycaret installation. Please run: `pip install cuml` to install.
2024-05-08 19:19:13,827:WARNING:
'cuml' is a soft dependency and not included in the pycaret installation. Please run: `pip install cuml` to install.
2024-05-08 19:19:13,829:WARNING:
'cuml' is a soft dependency and not included in the pycaret installation. Please run: `pip install cuml` to install.
2024-05-08 19:19:13,829:WARNING:
'cuml' is a soft dependency and not included in the pycaret installation. Please run: `pip install cuml` to install.
2024-05-08 19:19:13,829:WARNING:
'cuml' is a soft dependency and not included in the pycaret installation. Please run: `pip install cuml` to install.
2024-05-08 19:19:29,319:WARNING:
'cuml' is a soft dependency and not included in the pycaret installation. Please run: `pip install cuml` to install.
2024-05-08 19:19:29,327:WARNING:
'cuml' is a soft dependency and not included in the pycaret installation. Please run: `pip install cuml` to install.
2024-05-08 19:19:29,327:WARNING:
'cuml' is a soft dependency and not included in the pycaret installation. Please run: `pip install cuml` to install.
2024-05-08 19:19:29,327:WARNING:
'cuml' is a soft dependency and not included in the pycaret installation. Please run: `pip install cuml` to install.
2024-05-09 12:06:29,570:WARNING:
'cuml' is a soft dependency and not included in the pycaret installation. Please run: `pip install cuml` to install.
2024-05-09 12:06:29,571:WARNING:
'cuml' is a soft dependency and not included in the pycaret installation. Please run: `pip install cuml` to install.
2024-05-09 12:06:29,571:WARNING:
'cuml' is a soft dependency and not included in the pycaret installation. Please run: `pip install cuml` to install.
2024-05-09 12:06:29,571:WARNING:
'cuml' is a soft dependency and not included in the pycaret installation. Please run: `pip install cuml` to install.
2024-05-09 12:07:51,624:WARNING:
'cuml' is a soft dependency and not included in the pycaret installation. Please run: `pip install cuml` to install.
2024-05-09 12:07:51,630:WARNING:
'cuml' is a soft dependency and not included in the pycaret installation. Please run: `pip install cuml` to install.
2024-05-09 12:07:51,630:WARNING:
'cuml' is a soft dependency and not included in the pycaret installation. Please run: `pip install cuml` to install.
2024-05-09 12:07:51,630:WARNING:
'cuml' is a soft dependency and not included in the pycaret installation. Please run: `pip install cuml` to install.
2024-05-09 12:08:57,603:WARNING:
'cuml' is a soft dependency and not included in the pycaret installation. Please run: `pip install cuml` to install.
2024-05-09 12:08:57,604:WARNING:
'cuml' is a soft dependency and not included in the pycaret installation. Please run: `pip install cuml` to install.
2024-05-09 12:08:57,604:WARNING:
'cuml' is a soft dependency and not included in the pycaret installation. Please run: `pip install cuml` to install.
2024-05-09 12:08:57,604:WARNING:
'cuml' is a soft dependency and not included in the pycaret installation. Please run: `pip install cuml` to install.
2024-05-09 12:08:59,042:INFO:Initializing predict_model()
2024-05-09 12:08:59,042:INFO:predict_model(self=<pycaret.classification.oop.ClassificationExperiment object at 0x00000249BB90D210>, estimator=['Air temperature [K]' 'Process temperature [K]' 'Rotational speed [rpm]'
 'Torque [Nm]' 'Tool wear [min]' 'Type_H' 'Type_L' 'Type_M'], probability_threshold=None, encoded_labels=False, raw_score=False, round=4, verbose=True, ml_usecase=None, preprocess=True, encode_labels=<function _SupervisedExperiment.predict_model.<locals>.encode_labels at 0x00000249859622A0>)
2024-05-09 12:08:59,042:INFO:Checking exceptions
2024-05-09 12:08:59,042:INFO:Preloading libraries
2024-05-09 12:17:53,380:WARNING:
'cuml' is a soft dependency and not included in the pycaret installation. Please run: `pip install cuml` to install.
2024-05-09 12:17:53,381:WARNING:
'cuml' is a soft dependency and not included in the pycaret installation. Please run: `pip install cuml` to install.
2024-05-09 12:17:53,381:WARNING:
'cuml' is a soft dependency and not included in the pycaret installation. Please run: `pip install cuml` to install.
2024-05-09 12:17:53,381:WARNING:
'cuml' is a soft dependency and not included in the pycaret installation. Please run: `pip install cuml` to install.
2024-05-09 12:17:54,927:INFO:Initializing predict_model()
2024-05-09 12:17:54,928:INFO:predict_model(self=<pycaret.classification.oop.ClassificationExperiment object at 0x000002A511C00DD0>, estimator=['Air temperature [K]' 'Process temperature [K]' 'Rotational speed [rpm]'
 'Torque [Nm]' 'Tool wear [min]' 'Type_H' 'Type_L' 'Type_M'], probability_threshold=None, encoded_labels=False, raw_score=False, round=4, verbose=True, ml_usecase=None, preprocess=True, encode_labels=<function _SupervisedExperiment.predict_model.<locals>.encode_labels at 0x000002A55BB922A0>)
2024-05-09 12:17:54,928:INFO:Checking exceptions
2024-05-09 12:17:54,928:INFO:Preloading libraries
2024-05-09 12:42:13,419:WARNING:
'cuml' is a soft dependency and not included in the pycaret installation. Please run: `pip install cuml` to install.
2024-05-09 12:42:13,420:WARNING:
'cuml' is a soft dependency and not included in the pycaret installation. Please run: `pip install cuml` to install.
2024-05-09 12:42:13,420:WARNING:
'cuml' is a soft dependency and not included in the pycaret installation. Please run: `pip install cuml` to install.
2024-05-09 12:42:13,420:WARNING:
'cuml' is a soft dependency and not included in the pycaret installation. Please run: `pip install cuml` to install.
2024-05-09 12:42:14,850:INFO:Initializing predict_model()
2024-05-09 12:42:14,850:INFO:predict_model(self=<pycaret.classification.oop.ClassificationExperiment object at 0x000001ABF362D490>, estimator=['Air temperature [K]' 'Process temperature [K]' 'Rotational speed [rpm]'
 'Torque [Nm]' 'Tool wear [min]' 'Type_H' 'Type_L' 'Type_M'], probability_threshold=None, encoded_labels=False, raw_score=False, round=4, verbose=True, ml_usecase=None, preprocess=True, encode_labels=<function _SupervisedExperiment.predict_model.<locals>.encode_labels at 0x000001ABBD7022A0>)
2024-05-09 12:42:14,850:INFO:Checking exceptions
2024-05-09 12:42:14,850:INFO:Preloading libraries
2024-05-09 12:45:46,230:WARNING:
'cuml' is a soft dependency and not included in the pycaret installation. Please run: `pip install cuml` to install.
2024-05-09 12:45:46,237:WARNING:
'cuml' is a soft dependency and not included in the pycaret installation. Please run: `pip install cuml` to install.
2024-05-09 12:45:46,237:WARNING:
'cuml' is a soft dependency and not included in the pycaret installation. Please run: `pip install cuml` to install.
2024-05-09 12:45:46,237:WARNING:
'cuml' is a soft dependency and not included in the pycaret installation. Please run: `pip install cuml` to install.
2024-05-09 12:46:03,056:WARNING:
'cuml' is a soft dependency and not included in the pycaret installation. Please run: `pip install cuml` to install.
2024-05-09 12:46:03,060:WARNING:
'cuml' is a soft dependency and not included in the pycaret installation. Please run: `pip install cuml` to install.
2024-05-09 12:46:03,060:WARNING:
'cuml' is a soft dependency and not included in the pycaret installation. Please run: `pip install cuml` to install.
2024-05-09 12:46:03,060:WARNING:
'cuml' is a soft dependency and not included in the pycaret installation. Please run: `pip install cuml` to install.
2024-05-09 12:46:48,013:WARNING:
'cuml' is a soft dependency and not included in the pycaret installation. Please run: `pip install cuml` to install.
2024-05-09 12:46:48,016:WARNING:
'cuml' is a soft dependency and not included in the pycaret installation. Please run: `pip install cuml` to install.
2024-05-09 12:46:48,016:WARNING:
'cuml' is a soft dependency and not included in the pycaret installation. Please run: `pip install cuml` to install.
2024-05-09 12:46:48,016:WARNING:
'cuml' is a soft dependency and not included in the pycaret installation. Please run: `pip install cuml` to install.
2024-05-09 12:49:12,599:WARNING:
'cuml' is a soft dependency and not included in the pycaret installation. Please run: `pip install cuml` to install.
2024-05-09 12:49:12,603:WARNING:
'cuml' is a soft dependency and not included in the pycaret installation. Please run: `pip install cuml` to install.
2024-05-09 12:49:12,604:WARNING:
'cuml' is a soft dependency and not included in the pycaret installation. Please run: `pip install cuml` to install.
2024-05-09 12:49:12,604:WARNING:
'cuml' is a soft dependency and not included in the pycaret installation. Please run: `pip install cuml` to install.
2024-05-09 12:49:14,139:INFO:Initializing load_model()
2024-05-09 12:49:14,139:INFO:load_model(model_name=C:\Users\BS-Test\Machine-failure-prediction\model\predictive_maintenance.pkl, platform=None, authentication=None, verbose=True)
2024-05-09 12:49:37,484:WARNING:
'cuml' is a soft dependency and not included in the pycaret installation. Please run: `pip install cuml` to install.
2024-05-09 12:49:37,488:WARNING:
'cuml' is a soft dependency and not included in the pycaret installation. Please run: `pip install cuml` to install.
2024-05-09 12:49:37,489:WARNING:
'cuml' is a soft dependency and not included in the pycaret installation. Please run: `pip install cuml` to install.
2024-05-09 12:49:37,489:WARNING:
'cuml' is a soft dependency and not included in the pycaret installation. Please run: `pip install cuml` to install.
2024-05-09 12:49:38,933:INFO:Initializing load_model()
2024-05-09 12:49:38,933:INFO:load_model(model_name=C:\Users\BS-Test\Machine-failure-prediction\model\predictive_maintenance, platform=None, authentication=None, verbose=True)
2024-05-09 12:50:00,022:WARNING:
'cuml' is a soft dependency and not included in the pycaret installation. Please run: `pip install cuml` to install.
2024-05-09 12:50:00,023:WARNING:
'cuml' is a soft dependency and not included in the pycaret installation. Please run: `pip install cuml` to install.
2024-05-09 12:50:00,023:WARNING:
'cuml' is a soft dependency and not included in the pycaret installation. Please run: `pip install cuml` to install.
2024-05-09 12:50:00,024:WARNING:
'cuml' is a soft dependency and not included in the pycaret installation. Please run: `pip install cuml` to install.
2024-05-09 12:50:01,464:INFO:Initializing load_model()
2024-05-09 12:50:01,465:INFO:load_model(model_name=C:\Users\BS-Test\Machine-failure-prediction\model\predictive_maintenance, platform=None, authentication=None, verbose=True)
2024-05-09 12:50:22,280:WARNING:
'cuml' is a soft dependency and not included in the pycaret installation. Please run: `pip install cuml` to install.
2024-05-09 12:50:22,285:WARNING:
'cuml' is a soft dependency and not included in the pycaret installation. Please run: `pip install cuml` to install.
2024-05-09 12:50:22,285:WARNING:
'cuml' is a soft dependency and not included in the pycaret installation. Please run: `pip install cuml` to install.
2024-05-09 12:50:22,285:WARNING:
'cuml' is a soft dependency and not included in the pycaret installation. Please run: `pip install cuml` to install.
2024-05-09 12:50:23,844:INFO:Initializing load_model()
2024-05-09 12:50:23,844:INFO:load_model(model_name=C:\Users\BS-Test\Machine-failure-prediction\model\predictive_maintenance, platform=None, authentication=None, verbose=True)
2024-05-09 12:50:53,939:WARNING:
'cuml' is a soft dependency and not included in the pycaret installation. Please run: `pip install cuml` to install.
2024-05-09 12:50:53,940:WARNING:
'cuml' is a soft dependency and not included in the pycaret installation. Please run: `pip install cuml` to install.
2024-05-09 12:50:53,940:WARNING:
'cuml' is a soft dependency and not included in the pycaret installation. Please run: `pip install cuml` to install.
2024-05-09 12:50:53,940:WARNING:
'cuml' is a soft dependency and not included in the pycaret installation. Please run: `pip install cuml` to install.
2024-05-09 12:50:55,402:INFO:Initializing load_model()
2024-05-09 12:50:55,402:INFO:load_model(model_name=C:\Users\BS-Test\Machine-failure-prediction\model\predictive_maintenance, platform=None, authentication=None, verbose=True)
2024-05-09 12:52:05,931:WARNING:
'cuml' is a soft dependency and not included in the pycaret installation. Please run: `pip install cuml` to install.
2024-05-09 12:52:05,932:WARNING:
'cuml' is a soft dependency and not included in the pycaret installation. Please run: `pip install cuml` to install.
2024-05-09 12:52:05,932:WARNING:
'cuml' is a soft dependency and not included in the pycaret installation. Please run: `pip install cuml` to install.
2024-05-09 12:52:05,932:WARNING:
'cuml' is a soft dependency and not included in the pycaret installation. Please run: `pip install cuml` to install.
2024-05-09 12:52:07,418:INFO:Initializing load_model()
2024-05-09 12:52:07,418:INFO:load_model(model_name=C:\Users\BS-Test\Machine-failure-prediction\model\predictive_maintenance, platform=None, authentication=None, verbose=True)
2024-05-09 12:53:22,753:WARNING:
'cuml' is a soft dependency and not included in the pycaret installation. Please run: `pip install cuml` to install.
2024-05-09 12:53:22,761:WARNING:
'cuml' is a soft dependency and not included in the pycaret installation. Please run: `pip install cuml` to install.
2024-05-09 12:53:22,761:WARNING:
'cuml' is a soft dependency and not included in the pycaret installation. Please run: `pip install cuml` to install.
2024-05-09 12:53:22,762:WARNING:
'cuml' is a soft dependency and not included in the pycaret installation. Please run: `pip install cuml` to install.
2024-05-09 12:53:24,294:INFO:Initializing load_model()
2024-05-09 12:53:24,294:INFO:load_model(model_name=C:\Users\BS-Test\Machine-failure-prediction\model\predictive_maintenance, platform=None, authentication=None, verbose=True)
2024-05-09 13:56:10,134:WARNING:
'cuml' is a soft dependency and not included in the pycaret installation. Please run: `pip install cuml` to install.
2024-05-09 13:56:10,135:WARNING:
'cuml' is a soft dependency and not included in the pycaret installation. Please run: `pip install cuml` to install.
2024-05-09 13:56:10,135:WARNING:
'cuml' is a soft dependency and not included in the pycaret installation. Please run: `pip install cuml` to install.
2024-05-09 13:56:10,135:WARNING:
'cuml' is a soft dependency and not included in the pycaret installation. Please run: `pip install cuml` to install.
2024-05-09 13:56:11,945:INFO:Initializing load_model()
2024-05-09 13:56:11,946:INFO:load_model(model_name=C:\Users\BS-Test\Machine-failure-prediction\model\predictive_maintenance, platform=None, authentication=None, verbose=True)
2024-05-09 13:56:48,151:WARNING:
'cuml' is a soft dependency and not included in the pycaret installation. Please run: `pip install cuml` to install.
2024-05-09 13:56:48,156:WARNING:
'cuml' is a soft dependency and not included in the pycaret installation. Please run: `pip install cuml` to install.
2024-05-09 13:56:48,156:WARNING:
'cuml' is a soft dependency and not included in the pycaret installation. Please run: `pip install cuml` to install.
2024-05-09 13:56:48,156:WARNING:
'cuml' is a soft dependency and not included in the pycaret installation. Please run: `pip install cuml` to install.
2024-05-09 13:56:49,009:INFO:Initializing load_model()
2024-05-09 13:56:49,009:INFO:load_model(model_name=C:\Users\BS-Test\Machine-failure-prediction\model\predictive_maintenance, platform=None, authentication=None, verbose=True)
2024-05-09 13:57:06,006:WARNING:
'cuml' is a soft dependency and not included in the pycaret installation. Please run: `pip install cuml` to install.
2024-05-09 13:57:06,006:WARNING:
'cuml' is a soft dependency and not included in the pycaret installation. Please run: `pip install cuml` to install.
2024-05-09 13:57:06,006:WARNING:
'cuml' is a soft dependency and not included in the pycaret installation. Please run: `pip install cuml` to install.
2024-05-09 13:57:06,007:WARNING:
'cuml' is a soft dependency and not included in the pycaret installation. Please run: `pip install cuml` to install.
2024-05-09 13:57:06,912:INFO:Initializing load_model()
2024-05-09 13:57:06,912:INFO:load_model(model_name=C:\Users\BS-Test\Machine-failure-prediction\model\predictive_maintenance, platform=None, authentication=None, verbose=True)
2024-05-09 13:58:09,682:WARNING:
'cuml' is a soft dependency and not included in the pycaret installation. Please run: `pip install cuml` to install.
2024-05-09 13:58:09,682:WARNING:
'cuml' is a soft dependency and not included in the pycaret installation. Please run: `pip install cuml` to install.
2024-05-09 13:58:09,682:WARNING:
'cuml' is a soft dependency and not included in the pycaret installation. Please run: `pip install cuml` to install.
2024-05-09 13:58:09,682:WARNING:
'cuml' is a soft dependency and not included in the pycaret installation. Please run: `pip install cuml` to install.
2024-05-09 13:58:10,559:INFO:Initializing load_model()
2024-05-09 13:58:10,559:INFO:load_model(model_name=C:\Users\BS-Test\Machine-failure-prediction\model\predictive_maintenance, platform=None, authentication=None, verbose=True)
2024-05-09 14:01:44,982:WARNING:
'cuml' is a soft dependency and not included in the pycaret installation. Please run: `pip install cuml` to install.
2024-05-09 14:01:44,987:WARNING:
'cuml' is a soft dependency and not included in the pycaret installation. Please run: `pip install cuml` to install.
2024-05-09 14:01:44,987:WARNING:
'cuml' is a soft dependency and not included in the pycaret installation. Please run: `pip install cuml` to install.
2024-05-09 14:01:44,987:WARNING:
'cuml' is a soft dependency and not included in the pycaret installation. Please run: `pip install cuml` to install.
2024-05-09 14:01:45,932:INFO:Initializing load_model()
2024-05-09 14:01:45,932:INFO:load_model(model_name=C:\Users\BS-Test\Machine-failure-prediction\model\predictive_maintenance, platform=None, authentication=None, verbose=True)
2024-05-09 14:01:54,588:WARNING:
'cuml' is a soft dependency and not included in the pycaret installation. Please run: `pip install cuml` to install.
2024-05-09 14:01:54,590:WARNING:
'cuml' is a soft dependency and not included in the pycaret installation. Please run: `pip install cuml` to install.
2024-05-09 14:01:54,590:WARNING:
'cuml' is a soft dependency and not included in the pycaret installation. Please run: `pip install cuml` to install.
2024-05-09 14:01:54,590:WARNING:
'cuml' is a soft dependency and not included in the pycaret installation. Please run: `pip install cuml` to install.
2024-05-09 14:01:55,523:INFO:Initializing load_model()
2024-05-09 14:01:55,523:INFO:load_model(model_name=C:\Users\BS-Test\Machine-failure-prediction\model\predictive_maintenance, platform=None, authentication=None, verbose=True)
2024-05-09 14:06:33,972:WARNING:
'cuml' is a soft dependency and not included in the pycaret installation. Please run: `pip install cuml` to install.
2024-05-09 14:06:33,977:WARNING:
'cuml' is a soft dependency and not included in the pycaret installation. Please run: `pip install cuml` to install.
2024-05-09 14:06:33,977:WARNING:
'cuml' is a soft dependency and not included in the pycaret installation. Please run: `pip install cuml` to install.
2024-05-09 14:06:33,977:WARNING:
'cuml' is a soft dependency and not included in the pycaret installation. Please run: `pip install cuml` to install.
2024-05-09 14:06:34,868:INFO:Initializing load_model()
2024-05-09 14:06:34,868:INFO:load_model(model_name=C:\Users\BS-Test\Machine-failure-prediction\model\predictive_maintenance, platform=None, authentication=None, verbose=True)
2024-05-09 14:06:44,019:WARNING:
'cuml' is a soft dependency and not included in the pycaret installation. Please run: `pip install cuml` to install.
2024-05-09 14:06:44,025:WARNING:
'cuml' is a soft dependency and not included in the pycaret installation. Please run: `pip install cuml` to install.
2024-05-09 14:06:44,025:WARNING:
'cuml' is a soft dependency and not included in the pycaret installation. Please run: `pip install cuml` to install.
2024-05-09 14:06:44,025:WARNING:
'cuml' is a soft dependency and not included in the pycaret installation. Please run: `pip install cuml` to install.
2024-05-09 14:06:44,953:INFO:Initializing load_model()
2024-05-09 14:06:44,953:INFO:load_model(model_name=C:\Users\BS-Test\Machine-failure-prediction\model\predictive_maintenance, platform=None, authentication=None, verbose=True)
2024-05-09 14:06:48,332:WARNING:
'cuml' is a soft dependency and not included in the pycaret installation. Please run: `pip install cuml` to install.
2024-05-09 14:06:48,332:WARNING:
'cuml' is a soft dependency and not included in the pycaret installation. Please run: `pip install cuml` to install.
2024-05-09 14:06:48,332:WARNING:
'cuml' is a soft dependency and not included in the pycaret installation. Please run: `pip install cuml` to install.
2024-05-09 14:06:48,332:WARNING:
'cuml' is a soft dependency and not included in the pycaret installation. Please run: `pip install cuml` to install.
2024-05-09 14:06:49,303:INFO:Initializing load_model()
2024-05-09 14:06:49,303:INFO:load_model(model_name=C:\Users\BS-Test\Machine-failure-prediction\model\predictive_maintenance, platform=None, authentication=None, verbose=True)
2024-05-09 14:06:52,593:WARNING:
'cuml' is a soft dependency and not included in the pycaret installation. Please run: `pip install cuml` to install.
2024-05-09 14:06:52,594:WARNING:
'cuml' is a soft dependency and not included in the pycaret installation. Please run: `pip install cuml` to install.
2024-05-09 14:06:52,594:WARNING:
'cuml' is a soft dependency and not included in the pycaret installation. Please run: `pip install cuml` to install.
2024-05-09 14:06:52,594:WARNING:
'cuml' is a soft dependency and not included in the pycaret installation. Please run: `pip install cuml` to install.
2024-05-09 14:06:53,508:INFO:Initializing load_model()
2024-05-09 14:06:53,508:INFO:load_model(model_name=C:\Users\BS-Test\Machine-failure-prediction\model\predictive_maintenance, platform=None, authentication=None, verbose=True)
2024-05-09 14:07:08,938:WARNING:
'cuml' is a soft dependency and not included in the pycaret installation. Please run: `pip install cuml` to install.
2024-05-09 14:07:08,939:WARNING:
'cuml' is a soft dependency and not included in the pycaret installation. Please run: `pip install cuml` to install.
2024-05-09 14:07:08,939:WARNING:
'cuml' is a soft dependency and not included in the pycaret installation. Please run: `pip install cuml` to install.
2024-05-09 14:07:08,939:WARNING:
'cuml' is a soft dependency and not included in the pycaret installation. Please run: `pip install cuml` to install.
2024-05-09 14:07:09,834:INFO:Initializing load_model()
2024-05-09 14:07:09,834:INFO:load_model(model_name=C:\Users\BS-Test\Machine-failure-prediction\model\predictive_maintenance, platform=None, authentication=None, verbose=True)
2024-05-09 14:07:31,182:WARNING:
'cuml' is a soft dependency and not included in the pycaret installation. Please run: `pip install cuml` to install.
2024-05-09 14:07:31,189:WARNING:
'cuml' is a soft dependency and not included in the pycaret installation. Please run: `pip install cuml` to install.
2024-05-09 14:07:31,189:WARNING:
'cuml' is a soft dependency and not included in the pycaret installation. Please run: `pip install cuml` to install.
2024-05-09 14:07:31,189:WARNING:
'cuml' is a soft dependency and not included in the pycaret installation. Please run: `pip install cuml` to install.
2024-05-09 14:07:32,108:INFO:Initializing load_model()
2024-05-09 14:07:32,108:INFO:load_model(model_name=C:\Users\BS-Test\Machine-failure-prediction\model\predictive_maintenance, platform=None, authentication=None, verbose=True)
2024-05-09 14:07:58,440:WARNING:
'cuml' is a soft dependency and not included in the pycaret installation. Please run: `pip install cuml` to install.
2024-05-09 14:07:58,444:WARNING:
'cuml' is a soft dependency and not included in the pycaret installation. Please run: `pip install cuml` to install.
2024-05-09 14:07:58,445:WARNING:
'cuml' is a soft dependency and not included in the pycaret installation. Please run: `pip install cuml` to install.
2024-05-09 14:07:58,445:WARNING:
'cuml' is a soft dependency and not included in the pycaret installation. Please run: `pip install cuml` to install.
2024-05-09 14:07:59,329:INFO:Initializing load_model()
2024-05-09 14:07:59,329:INFO:load_model(model_name=C:\Users\BS-Test\Machine-failure-prediction\model\predictive_maintenance, platform=None, authentication=None, verbose=True)
2024-05-09 14:08:15,196:WARNING:
'cuml' is a soft dependency and not included in the pycaret installation. Please run: `pip install cuml` to install.
2024-05-09 14:08:15,196:WARNING:
'cuml' is a soft dependency and not included in the pycaret installation. Please run: `pip install cuml` to install.
2024-05-09 14:08:15,196:WARNING:
'cuml' is a soft dependency and not included in the pycaret installation. Please run: `pip install cuml` to install.
2024-05-09 14:08:15,196:WARNING:
'cuml' is a soft dependency and not included in the pycaret installation. Please run: `pip install cuml` to install.
2024-05-09 14:08:16,115:INFO:Initializing load_model()
2024-05-09 14:08:16,115:INFO:load_model(model_name=C:\Users\BS-Test\Machine-failure-prediction\model\predictive_maintenance, platform=None, authentication=None, verbose=True)
2024-05-09 14:10:22,811:WARNING:
'cuml' is a soft dependency and not included in the pycaret installation. Please run: `pip install cuml` to install.
2024-05-09 14:10:22,816:WARNING:
'cuml' is a soft dependency and not included in the pycaret installation. Please run: `pip install cuml` to install.
2024-05-09 14:10:22,816:WARNING:
'cuml' is a soft dependency and not included in the pycaret installation. Please run: `pip install cuml` to install.
2024-05-09 14:10:22,816:WARNING:
'cuml' is a soft dependency and not included in the pycaret installation. Please run: `pip install cuml` to install.
2024-05-09 14:10:23,685:INFO:Initializing load_model()
2024-05-09 14:10:23,685:INFO:load_model(model_name=C:\Users\BS-Test\Machine-failure-prediction\model\predictive_maintenance, platform=None, authentication=None, verbose=True)
2024-05-09 14:10:37,235:WARNING:
'cuml' is a soft dependency and not included in the pycaret installation. Please run: `pip install cuml` to install.
2024-05-09 14:10:37,236:WARNING:
'cuml' is a soft dependency and not included in the pycaret installation. Please run: `pip install cuml` to install.
2024-05-09 14:10:37,236:WARNING:
'cuml' is a soft dependency and not included in the pycaret installation. Please run: `pip install cuml` to install.
2024-05-09 14:10:37,236:WARNING:
'cuml' is a soft dependency and not included in the pycaret installation. Please run: `pip install cuml` to install.
2024-05-09 14:10:38,143:INFO:Initializing load_model()
2024-05-09 14:10:38,143:INFO:load_model(model_name=C:\Users\BS-Test\Machine-failure-prediction\model\predictive_maintenance, platform=None, authentication=None, verbose=True)
2024-05-09 14:12:18,205:WARNING:
'cuml' is a soft dependency and not included in the pycaret installation. Please run: `pip install cuml` to install.
2024-05-09 14:12:18,205:WARNING:
'cuml' is a soft dependency and not included in the pycaret installation. Please run: `pip install cuml` to install.
2024-05-09 14:12:18,205:WARNING:
'cuml' is a soft dependency and not included in the pycaret installation. Please run: `pip install cuml` to install.
2024-05-09 14:12:18,205:WARNING:
'cuml' is a soft dependency and not included in the pycaret installation. Please run: `pip install cuml` to install.
2024-05-09 14:12:19,086:INFO:Initializing load_model()
2024-05-09 14:12:19,086:INFO:load_model(model_name=C:\Users\BS-Test\Machine-failure-prediction\model\predictive_maintenance, platform=None, authentication=None, verbose=True)
2024-05-09 14:47:57,232:WARNING:
'cuml' is a soft dependency and not included in the pycaret installation. Please run: `pip install cuml` to install.
2024-05-09 14:47:57,238:WARNING:
'cuml' is a soft dependency and not included in the pycaret installation. Please run: `pip install cuml` to install.
2024-05-09 14:47:57,238:WARNING:
'cuml' is a soft dependency and not included in the pycaret installation. Please run: `pip install cuml` to install.
2024-05-09 14:47:57,238:WARNING:
'cuml' is a soft dependency and not included in the pycaret installation. Please run: `pip install cuml` to install.
2024-05-09 14:47:58,090:INFO:Initializing load_model()
2024-05-09 14:47:58,090:INFO:load_model(model_name=C:\Users\BS-Test\Machine-failure-prediction\model\predictive_maintenance, platform=None, authentication=None, verbose=True)
2024-05-09 14:48:09,456:WARNING:
'cuml' is a soft dependency and not included in the pycaret installation. Please run: `pip install cuml` to install.
2024-05-09 14:48:09,460:WARNING:
'cuml' is a soft dependency and not included in the pycaret installation. Please run: `pip install cuml` to install.
2024-05-09 14:48:09,461:WARNING:
'cuml' is a soft dependency and not included in the pycaret installation. Please run: `pip install cuml` to install.
2024-05-09 14:48:09,461:WARNING:
'cuml' is a soft dependency and not included in the pycaret installation. Please run: `pip install cuml` to install.
2024-05-09 14:48:10,424:INFO:Initializing load_model()
2024-05-09 14:48:10,424:INFO:load_model(model_name=C:\Users\BS-Test\Machine-failure-prediction\model\predictive_maintenance, platform=None, authentication=None, verbose=True)
2024-05-09 14:48:14,634:WARNING:
'cuml' is a soft dependency and not included in the pycaret installation. Please run: `pip install cuml` to install.
2024-05-09 14:48:14,640:WARNING:
'cuml' is a soft dependency and not included in the pycaret installation. Please run: `pip install cuml` to install.
2024-05-09 14:48:14,640:WARNING:
'cuml' is a soft dependency and not included in the pycaret installation. Please run: `pip install cuml` to install.
2024-05-09 14:48:14,640:WARNING:
'cuml' is a soft dependency and not included in the pycaret installation. Please run: `pip install cuml` to install.
2024-05-09 14:48:15,496:INFO:Initializing load_model()
2024-05-09 14:48:15,496:INFO:load_model(model_name=C:\Users\BS-Test\Machine-failure-prediction\model\predictive_maintenance, platform=None, authentication=None, verbose=True)
2024-05-09 14:48:25,419:WARNING:
'cuml' is a soft dependency and not included in the pycaret installation. Please run: `pip install cuml` to install.
2024-05-09 14:48:25,424:WARNING:
'cuml' is a soft dependency and not included in the pycaret installation. Please run: `pip install cuml` to install.
2024-05-09 14:48:25,424:WARNING:
'cuml' is a soft dependency and not included in the pycaret installation. Please run: `pip install cuml` to install.
2024-05-09 14:48:25,424:WARNING:
'cuml' is a soft dependency and not included in the pycaret installation. Please run: `pip install cuml` to install.
2024-05-09 14:48:26,472:INFO:Initializing load_model()
2024-05-09 14:48:26,472:INFO:load_model(model_name=C:\Users\BS-Test\Machine-failure-prediction\model\predictive_maintenance, platform=None, authentication=None, verbose=True)
2024-05-09 14:49:03,641:WARNING:
'cuml' is a soft dependency and not included in the pycaret installation. Please run: `pip install cuml` to install.
2024-05-09 14:49:03,647:WARNING:
'cuml' is a soft dependency and not included in the pycaret installation. Please run: `pip install cuml` to install.
2024-05-09 14:49:03,647:WARNING:
'cuml' is a soft dependency and not included in the pycaret installation. Please run: `pip install cuml` to install.
2024-05-09 14:49:03,647:WARNING:
'cuml' is a soft dependency and not included in the pycaret installation. Please run: `pip install cuml` to install.
2024-05-09 14:49:04,503:INFO:Initializing load_model()
2024-05-09 14:49:04,503:INFO:load_model(model_name=C:\Users\BS-Test\Machine-failure-prediction\model\predictive_maintenance, platform=None, authentication=None, verbose=True)
2024-05-09 14:49:07,682:WARNING:
'cuml' is a soft dependency and not included in the pycaret installation. Please run: `pip install cuml` to install.
2024-05-09 14:49:07,687:WARNING:
'cuml' is a soft dependency and not included in the pycaret installation. Please run: `pip install cuml` to install.
2024-05-09 14:49:07,687:WARNING:
'cuml' is a soft dependency and not included in the pycaret installation. Please run: `pip install cuml` to install.
2024-05-09 14:49:07,687:WARNING:
'cuml' is a soft dependency and not included in the pycaret installation. Please run: `pip install cuml` to install.
2024-05-09 14:49:08,573:INFO:Initializing load_model()
2024-05-09 14:49:08,573:INFO:load_model(model_name=C:\Users\BS-Test\Machine-failure-prediction\model\predictive_maintenance, platform=None, authentication=None, verbose=True)
2024-05-09 14:49:20,893:WARNING:
'cuml' is a soft dependency and not included in the pycaret installation. Please run: `pip install cuml` to install.
2024-05-09 14:49:20,898:WARNING:
'cuml' is a soft dependency and not included in the pycaret installation. Please run: `pip install cuml` to install.
2024-05-09 14:49:20,898:WARNING:
'cuml' is a soft dependency and not included in the pycaret installation. Please run: `pip install cuml` to install.
2024-05-09 14:49:20,898:WARNING:
'cuml' is a soft dependency and not included in the pycaret installation. Please run: `pip install cuml` to install.
2024-05-09 14:49:21,853:INFO:Initializing load_model()
2024-05-09 14:49:21,854:INFO:load_model(model_name=C:\Users\BS-Test\Machine-failure-prediction\model\predictive_maintenance, platform=None, authentication=None, verbose=True)
2024-05-09 14:49:25,219:WARNING:
'cuml' is a soft dependency and not included in the pycaret installation. Please run: `pip install cuml` to install.
2024-05-09 14:49:25,224:WARNING:
'cuml' is a soft dependency and not included in the pycaret installation. Please run: `pip install cuml` to install.
2024-05-09 14:49:25,224:WARNING:
'cuml' is a soft dependency and not included in the pycaret installation. Please run: `pip install cuml` to install.
2024-05-09 14:49:25,224:WARNING:
'cuml' is a soft dependency and not included in the pycaret installation. Please run: `pip install cuml` to install.
2024-05-09 14:49:26,179:INFO:Initializing load_model()
2024-05-09 14:49:26,180:INFO:load_model(model_name=C:\Users\BS-Test\Machine-failure-prediction\model\predictive_maintenance, platform=None, authentication=None, verbose=True)
2024-05-09 14:49:29,427:WARNING:
'cuml' is a soft dependency and not included in the pycaret installation. Please run: `pip install cuml` to install.
2024-05-09 14:49:29,428:WARNING:
'cuml' is a soft dependency and not included in the pycaret installation. Please run: `pip install cuml` to install.
2024-05-09 14:49:29,428:WARNING:
'cuml' is a soft dependency and not included in the pycaret installation. Please run: `pip install cuml` to install.
2024-05-09 14:49:29,428:WARNING:
'cuml' is a soft dependency and not included in the pycaret installation. Please run: `pip install cuml` to install.
2024-05-09 14:49:30,364:INFO:Initializing load_model()
2024-05-09 14:49:30,365:INFO:load_model(model_name=C:\Users\BS-Test\Machine-failure-prediction\model\predictive_maintenance, platform=None, authentication=None, verbose=True)
2024-05-09 14:50:50,344:WARNING:
'cuml' is a soft dependency and not included in the pycaret installation. Please run: `pip install cuml` to install.
2024-05-09 14:50:50,345:WARNING:
'cuml' is a soft dependency and not included in the pycaret installation. Please run: `pip install cuml` to install.
2024-05-09 14:50:50,345:WARNING:
'cuml' is a soft dependency and not included in the pycaret installation. Please run: `pip install cuml` to install.
2024-05-09 14:50:50,345:WARNING:
'cuml' is a soft dependency and not included in the pycaret installation. Please run: `pip install cuml` to install.
2024-05-09 14:50:51,251:INFO:Initializing load_model()
2024-05-09 14:50:51,251:INFO:load_model(model_name=C:\Users\BS-Test\Machine-failure-prediction\model\predictive_maintenance, platform=None, authentication=None, verbose=True)
2024-05-09 14:50:54,394:WARNING:
'cuml' is a soft dependency and not included in the pycaret installation. Please run: `pip install cuml` to install.
2024-05-09 14:50:54,399:WARNING:
'cuml' is a soft dependency and not included in the pycaret installation. Please run: `pip install cuml` to install.
2024-05-09 14:50:54,399:WARNING:
'cuml' is a soft dependency and not included in the pycaret installation. Please run: `pip install cuml` to install.
2024-05-09 14:50:54,399:WARNING:
'cuml' is a soft dependency and not included in the pycaret installation. Please run: `pip install cuml` to install.
2024-05-09 14:50:55,290:INFO:Initializing load_model()
2024-05-09 14:50:55,290:INFO:load_model(model_name=C:\Users\BS-Test\Machine-failure-prediction\model\predictive_maintenance, platform=None, authentication=None, verbose=True)
2024-05-09 14:50:58,489:WARNING:
'cuml' is a soft dependency and not included in the pycaret installation. Please run: `pip install cuml` to install.
2024-05-09 14:50:58,494:WARNING:
'cuml' is a soft dependency and not included in the pycaret installation. Please run: `pip install cuml` to install.
2024-05-09 14:50:58,494:WARNING:
'cuml' is a soft dependency and not included in the pycaret installation. Please run: `pip install cuml` to install.
2024-05-09 14:50:58,494:WARNING:
'cuml' is a soft dependency and not included in the pycaret installation. Please run: `pip install cuml` to install.
2024-05-09 14:50:59,386:INFO:Initializing load_model()
2024-05-09 14:50:59,386:INFO:load_model(model_name=C:\Users\BS-Test\Machine-failure-prediction\model\predictive_maintenance, platform=None, authentication=None, verbose=True)
2024-05-09 14:51:03,018:WARNING:
'cuml' is a soft dependency and not included in the pycaret installation. Please run: `pip install cuml` to install.
2024-05-09 14:51:03,019:WARNING:
'cuml' is a soft dependency and not included in the pycaret installation. Please run: `pip install cuml` to install.
2024-05-09 14:51:03,019:WARNING:
'cuml' is a soft dependency and not included in the pycaret installation. Please run: `pip install cuml` to install.
2024-05-09 14:51:03,019:WARNING:
'cuml' is a soft dependency and not included in the pycaret installation. Please run: `pip install cuml` to install.
2024-05-09 14:51:03,922:INFO:Initializing load_model()
2024-05-09 14:51:03,922:INFO:load_model(model_name=C:\Users\BS-Test\Machine-failure-prediction\model\predictive_maintenance, platform=None, authentication=None, verbose=True)
2024-05-09 14:51:07,529:WARNING:
'cuml' is a soft dependency and not included in the pycaret installation. Please run: `pip install cuml` to install.
2024-05-09 14:51:07,530:WARNING:
'cuml' is a soft dependency and not included in the pycaret installation. Please run: `pip install cuml` to install.
2024-05-09 14:51:07,530:WARNING:
'cuml' is a soft dependency and not included in the pycaret installation. Please run: `pip install cuml` to install.
2024-05-09 14:51:07,530:WARNING:
'cuml' is a soft dependency and not included in the pycaret installation. Please run: `pip install cuml` to install.
2024-05-09 14:51:08,492:INFO:Initializing load_model()
2024-05-09 14:51:08,493:INFO:load_model(model_name=C:\Users\BS-Test\Machine-failure-prediction\model\predictive_maintenance, platform=None, authentication=None, verbose=True)
2024-05-09 14:51:12,954:WARNING:
'cuml' is a soft dependency and not included in the pycaret installation. Please run: `pip install cuml` to install.
2024-05-09 14:51:12,954:WARNING:
'cuml' is a soft dependency and not included in the pycaret installation. Please run: `pip install cuml` to install.
2024-05-09 14:51:12,954:WARNING:
'cuml' is a soft dependency and not included in the pycaret installation. Please run: `pip install cuml` to install.
2024-05-09 14:51:12,954:WARNING:
'cuml' is a soft dependency and not included in the pycaret installation. Please run: `pip install cuml` to install.
2024-05-09 14:51:14,398:INFO:Initializing load_model()
2024-05-09 14:51:14,398:INFO:load_model(model_name=C:\Users\BS-Test\Machine-failure-prediction\model\predictive_maintenance, platform=None, authentication=None, verbose=True)
2024-05-09 14:53:37,966:WARNING:
'cuml' is a soft dependency and not included in the pycaret installation. Please run: `pip install cuml` to install.
2024-05-09 14:53:37,971:WARNING:
'cuml' is a soft dependency and not included in the pycaret installation. Please run: `pip install cuml` to install.
2024-05-09 14:53:37,971:WARNING:
'cuml' is a soft dependency and not included in the pycaret installation. Please run: `pip install cuml` to install.
2024-05-09 14:53:37,971:WARNING:
'cuml' is a soft dependency and not included in the pycaret installation. Please run: `pip install cuml` to install.
2024-05-09 14:53:39,014:INFO:Initializing load_model()
2024-05-09 14:53:39,014:INFO:load_model(model_name=C:\Users\BS-Test\Machine-failure-prediction\model\predictive_maintenance, platform=None, authentication=None, verbose=True)
2024-05-09 14:53:42,434:WARNING:
'cuml' is a soft dependency and not included in the pycaret installation. Please run: `pip install cuml` to install.
2024-05-09 14:53:42,434:WARNING:
'cuml' is a soft dependency and not included in the pycaret installation. Please run: `pip install cuml` to install.
2024-05-09 14:53:42,434:WARNING:
'cuml' is a soft dependency and not included in the pycaret installation. Please run: `pip install cuml` to install.
2024-05-09 14:53:42,434:WARNING:
'cuml' is a soft dependency and not included in the pycaret installation. Please run: `pip install cuml` to install.
2024-05-09 14:53:43,403:INFO:Initializing load_model()
2024-05-09 14:53:43,403:INFO:load_model(model_name=C:\Users\BS-Test\Machine-failure-prediction\model\predictive_maintenance, platform=None, authentication=None, verbose=True)
2024-05-09 14:53:46,888:WARNING:
'cuml' is a soft dependency and not included in the pycaret installation. Please run: `pip install cuml` to install.
2024-05-09 14:53:46,894:WARNING:
'cuml' is a soft dependency and not included in the pycaret installation. Please run: `pip install cuml` to install.
2024-05-09 14:53:46,894:WARNING:
'cuml' is a soft dependency and not included in the pycaret installation. Please run: `pip install cuml` to install.
2024-05-09 14:53:46,894:WARNING:
'cuml' is a soft dependency and not included in the pycaret installation. Please run: `pip install cuml` to install.
2024-05-09 14:53:47,837:INFO:Initializing load_model()
2024-05-09 14:53:47,837:INFO:load_model(model_name=C:\Users\BS-Test\Machine-failure-prediction\model\predictive_maintenance, platform=None, authentication=None, verbose=True)
2024-05-09 14:53:55,489:WARNING:
'cuml' is a soft dependency and not included in the pycaret installation. Please run: `pip install cuml` to install.
2024-05-09 14:53:55,490:WARNING:
'cuml' is a soft dependency and not included in the pycaret installation. Please run: `pip install cuml` to install.
2024-05-09 14:53:55,490:WARNING:
'cuml' is a soft dependency and not included in the pycaret installation. Please run: `pip install cuml` to install.
2024-05-09 14:53:55,490:WARNING:
'cuml' is a soft dependency and not included in the pycaret installation. Please run: `pip install cuml` to install.
2024-05-09 14:53:56,423:INFO:Initializing load_model()
2024-05-09 14:53:56,423:INFO:load_model(model_name=C:\Users\BS-Test\Machine-failure-prediction\model\predictive_maintenance, platform=None, authentication=None, verbose=True)
2024-05-09 14:53:59,673:WARNING:
'cuml' is a soft dependency and not included in the pycaret installation. Please run: `pip install cuml` to install.
2024-05-09 14:53:59,675:WARNING:
'cuml' is a soft dependency and not included in the pycaret installation. Please run: `pip install cuml` to install.
2024-05-09 14:53:59,675:WARNING:
'cuml' is a soft dependency and not included in the pycaret installation. Please run: `pip install cuml` to install.
2024-05-09 14:53:59,675:WARNING:
'cuml' is a soft dependency and not included in the pycaret installation. Please run: `pip install cuml` to install.
2024-05-09 14:54:00,620:INFO:Initializing load_model()
2024-05-09 14:54:00,620:INFO:load_model(model_name=C:\Users\BS-Test\Machine-failure-prediction\model\predictive_maintenance, platform=None, authentication=None, verbose=True)
2024-05-09 14:54:47,937:WARNING:
'cuml' is a soft dependency and not included in the pycaret installation. Please run: `pip install cuml` to install.
2024-05-09 14:54:47,939:WARNING:
'cuml' is a soft dependency and not included in the pycaret installation. Please run: `pip install cuml` to install.
2024-05-09 14:54:47,939:WARNING:
'cuml' is a soft dependency and not included in the pycaret installation. Please run: `pip install cuml` to install.
2024-05-09 14:54:47,939:WARNING:
'cuml' is a soft dependency and not included in the pycaret installation. Please run: `pip install cuml` to install.
2024-05-09 14:54:48,886:INFO:Initializing load_model()
2024-05-09 14:54:48,886:INFO:load_model(model_name=C:\Users\BS-Test\Machine-failure-prediction\model\predictive_maintenance, platform=None, authentication=None, verbose=True)
2024-05-09 14:54:52,074:WARNING:
'cuml' is a soft dependency and not included in the pycaret installation. Please run: `pip install cuml` to install.
2024-05-09 14:54:52,075:WARNING:
'cuml' is a soft dependency and not included in the pycaret installation. Please run: `pip install cuml` to install.
2024-05-09 14:54:52,075:WARNING:
'cuml' is a soft dependency and not included in the pycaret installation. Please run: `pip install cuml` to install.
2024-05-09 14:54:52,075:WARNING:
'cuml' is a soft dependency and not included in the pycaret installation. Please run: `pip install cuml` to install.
2024-05-09 14:54:52,970:INFO:Initializing load_model()
2024-05-09 14:54:52,970:INFO:load_model(model_name=C:\Users\BS-Test\Machine-failure-prediction\model\predictive_maintenance, platform=None, authentication=None, verbose=True)
2024-05-09 14:54:56,276:WARNING:
'cuml' is a soft dependency and not included in the pycaret installation. Please run: `pip install cuml` to install.
2024-05-09 14:54:56,282:WARNING:
'cuml' is a soft dependency and not included in the pycaret installation. Please run: `pip install cuml` to install.
2024-05-09 14:54:56,282:WARNING:
'cuml' is a soft dependency and not included in the pycaret installation. Please run: `pip install cuml` to install.
2024-05-09 14:54:56,282:WARNING:
'cuml' is a soft dependency and not included in the pycaret installation. Please run: `pip install cuml` to install.
2024-05-09 14:54:57,288:INFO:Initializing load_model()
2024-05-09 14:54:57,288:INFO:load_model(model_name=C:\Users\BS-Test\Machine-failure-prediction\model\predictive_maintenance, platform=None, authentication=None, verbose=True)
2024-05-09 14:55:00,593:WARNING:
'cuml' is a soft dependency and not included in the pycaret installation. Please run: `pip install cuml` to install.
2024-05-09 14:55:00,597:WARNING:
'cuml' is a soft dependency and not included in the pycaret installation. Please run: `pip install cuml` to install.
2024-05-09 14:55:00,598:WARNING:
'cuml' is a soft dependency and not included in the pycaret installation. Please run: `pip install cuml` to install.
2024-05-09 14:55:00,598:WARNING:
'cuml' is a soft dependency and not included in the pycaret installation. Please run: `pip install cuml` to install.
2024-05-09 14:55:01,490:INFO:Initializing load_model()
2024-05-09 14:55:01,490:INFO:load_model(model_name=C:\Users\BS-Test\Machine-failure-prediction\model\predictive_maintenance, platform=None, authentication=None, verbose=True)
2024-05-09 14:55:44,608:WARNING:
'cuml' is a soft dependency and not included in the pycaret installation. Please run: `pip install cuml` to install.
2024-05-09 14:55:44,609:WARNING:
'cuml' is a soft dependency and not included in the pycaret installation. Please run: `pip install cuml` to install.
2024-05-09 14:55:44,609:WARNING:
'cuml' is a soft dependency and not included in the pycaret installation. Please run: `pip install cuml` to install.
2024-05-09 14:55:44,609:WARNING:
'cuml' is a soft dependency and not included in the pycaret installation. Please run: `pip install cuml` to install.
2024-05-09 14:55:45,489:INFO:Initializing load_model()
2024-05-09 14:55:45,489:INFO:load_model(model_name=C:\Users\BS-Test\Machine-failure-prediction\model\predictive_maintenance, platform=None, authentication=None, verbose=True)
2024-05-09 14:56:00,352:WARNING:
'cuml' is a soft dependency and not included in the pycaret installation. Please run: `pip install cuml` to install.
2024-05-09 14:56:00,353:WARNING:
'cuml' is a soft dependency and not included in the pycaret installation. Please run: `pip install cuml` to install.
2024-05-09 14:56:00,353:WARNING:
'cuml' is a soft dependency and not included in the pycaret installation. Please run: `pip install cuml` to install.
2024-05-09 14:56:00,353:WARNING:
'cuml' is a soft dependency and not included in the pycaret installation. Please run: `pip install cuml` to install.
2024-05-09 14:56:01,305:INFO:Initializing load_model()
2024-05-09 14:56:01,305:INFO:load_model(model_name=C:\Users\BS-Test\Machine-failure-prediction\model\predictive_maintenance, platform=None, authentication=None, verbose=True)
2024-05-09 14:56:04,569:WARNING:
'cuml' is a soft dependency and not included in the pycaret installation. Please run: `pip install cuml` to install.
2024-05-09 14:56:04,570:WARNING:
'cuml' is a soft dependency and not included in the pycaret installation. Please run: `pip install cuml` to install.
2024-05-09 14:56:04,570:WARNING:
'cuml' is a soft dependency and not included in the pycaret installation. Please run: `pip install cuml` to install.
2024-05-09 14:56:04,570:WARNING:
'cuml' is a soft dependency and not included in the pycaret installation. Please run: `pip install cuml` to install.
2024-05-09 14:56:05,455:INFO:Initializing load_model()
2024-05-09 14:56:05,455:INFO:load_model(model_name=C:\Users\BS-Test\Machine-failure-prediction\model\predictive_maintenance, platform=None, authentication=None, verbose=True)
2024-05-09 14:56:08,576:WARNING:
'cuml' is a soft dependency and not included in the pycaret installation. Please run: `pip install cuml` to install.
2024-05-09 14:56:08,577:WARNING:
'cuml' is a soft dependency and not included in the pycaret installation. Please run: `pip install cuml` to install.
2024-05-09 14:56:08,577:WARNING:
'cuml' is a soft dependency and not included in the pycaret installation. Please run: `pip install cuml` to install.
2024-05-09 14:56:08,577:WARNING:
'cuml' is a soft dependency and not included in the pycaret installation. Please run: `pip install cuml` to install.
2024-05-09 14:56:09,480:INFO:Initializing load_model()
2024-05-09 14:56:09,480:INFO:load_model(model_name=C:\Users\BS-Test\Machine-failure-prediction\model\predictive_maintenance, platform=None, authentication=None, verbose=True)
2024-05-09 14:56:22,641:WARNING:
'cuml' is a soft dependency and not included in the pycaret installation. Please run: `pip install cuml` to install.
2024-05-09 14:56:22,646:WARNING:
'cuml' is a soft dependency and not included in the pycaret installation. Please run: `pip install cuml` to install.
2024-05-09 14:56:22,646:WARNING:
'cuml' is a soft dependency and not included in the pycaret installation. Please run: `pip install cuml` to install.
2024-05-09 14:56:22,646:WARNING:
'cuml' is a soft dependency and not included in the pycaret installation. Please run: `pip install cuml` to install.
2024-05-09 14:56:23,595:INFO:Initializing load_model()
2024-05-09 14:56:23,595:INFO:load_model(model_name=C:\Users\BS-Test\Machine-failure-prediction\model\predictive_maintenance, platform=None, authentication=None, verbose=True)
2024-05-09 14:56:30,792:WARNING:
'cuml' is a soft dependency and not included in the pycaret installation. Please run: `pip install cuml` to install.
2024-05-09 14:56:30,793:WARNING:
'cuml' is a soft dependency and not included in the pycaret installation. Please run: `pip install cuml` to install.
2024-05-09 14:56:30,793:WARNING:
'cuml' is a soft dependency and not included in the pycaret installation. Please run: `pip install cuml` to install.
2024-05-09 14:56:30,793:WARNING:
'cuml' is a soft dependency and not included in the pycaret installation. Please run: `pip install cuml` to install.
2024-05-09 14:56:31,695:INFO:Initializing load_model()
2024-05-09 14:56:31,695:INFO:load_model(model_name=C:\Users\BS-Test\Machine-failure-prediction\model\predictive_maintenance, platform=None, authentication=None, verbose=True)
2024-05-09 14:56:35,699:WARNING:
'cuml' is a soft dependency and not included in the pycaret installation. Please run: `pip install cuml` to install.
2024-05-09 14:56:35,705:WARNING:
'cuml' is a soft dependency and not included in the pycaret installation. Please run: `pip install cuml` to install.
2024-05-09 14:56:35,705:WARNING:
'cuml' is a soft dependency and not included in the pycaret installation. Please run: `pip install cuml` to install.
2024-05-09 14:56:35,705:WARNING:
'cuml' is a soft dependency and not included in the pycaret installation. Please run: `pip install cuml` to install.
2024-05-09 14:56:36,596:INFO:Initializing load_model()
2024-05-09 14:56:36,596:INFO:load_model(model_name=C:\Users\BS-Test\Machine-failure-prediction\model\predictive_maintenance, platform=None, authentication=None, verbose=True)
2024-05-09 14:56:44,554:WARNING:
'cuml' is a soft dependency and not included in the pycaret installation. Please run: `pip install cuml` to install.
2024-05-09 14:56:44,554:WARNING:
'cuml' is a soft dependency and not included in the pycaret installation. Please run: `pip install cuml` to install.
2024-05-09 14:56:44,554:WARNING:
'cuml' is a soft dependency and not included in the pycaret installation. Please run: `pip install cuml` to install.
2024-05-09 14:56:44,554:WARNING:
'cuml' is a soft dependency and not included in the pycaret installation. Please run: `pip install cuml` to install.
2024-05-09 14:56:45,951:INFO:Initializing load_model()
2024-05-09 14:56:45,951:INFO:load_model(model_name=C:\Users\BS-Test\Machine-failure-prediction\model\predictive_maintenance, platform=None, authentication=None, verbose=True)
2024-05-09 14:57:23,739:WARNING:
'cuml' is a soft dependency and not included in the pycaret installation. Please run: `pip install cuml` to install.
2024-05-09 14:57:23,739:WARNING:
'cuml' is a soft dependency and not included in the pycaret installation. Please run: `pip install cuml` to install.
2024-05-09 14:57:23,740:WARNING:
'cuml' is a soft dependency and not included in the pycaret installation. Please run: `pip install cuml` to install.
2024-05-09 14:57:23,740:WARNING:
'cuml' is a soft dependency and not included in the pycaret installation. Please run: `pip install cuml` to install.
2024-05-09 14:57:24,671:INFO:Initializing load_model()
2024-05-09 14:57:24,671:INFO:load_model(model_name=C:\Users\BS-Test\Machine-failure-prediction\model\predictive_maintenance, platform=None, authentication=None, verbose=True)
2024-05-09 15:01:13,580:WARNING:
'cuml' is a soft dependency and not included in the pycaret installation. Please run: `pip install cuml` to install.
2024-05-09 15:01:13,586:WARNING:
'cuml' is a soft dependency and not included in the pycaret installation. Please run: `pip install cuml` to install.
2024-05-09 15:01:13,586:WARNING:
'cuml' is a soft dependency and not included in the pycaret installation. Please run: `pip install cuml` to install.
2024-05-09 15:01:13,586:WARNING:
'cuml' is a soft dependency and not included in the pycaret installation. Please run: `pip install cuml` to install.
2024-05-09 15:01:14,468:INFO:Initializing load_model()
2024-05-09 15:01:14,468:INFO:load_model(model_name=C:\Users\BS-Test\Machine-failure-prediction\model\predictive_maintenance, platform=None, authentication=None, verbose=True)
2024-05-09 15:01:17,691:WARNING:
'cuml' is a soft dependency and not included in the pycaret installation. Please run: `pip install cuml` to install.
2024-05-09 15:01:17,697:WARNING:
'cuml' is a soft dependency and not included in the pycaret installation. Please run: `pip install cuml` to install.
2024-05-09 15:01:17,697:WARNING:
'cuml' is a soft dependency and not included in the pycaret installation. Please run: `pip install cuml` to install.
2024-05-09 15:01:17,697:WARNING:
'cuml' is a soft dependency and not included in the pycaret installation. Please run: `pip install cuml` to install.
2024-05-09 15:01:18,605:INFO:Initializing load_model()
2024-05-09 15:01:18,605:INFO:load_model(model_name=C:\Users\BS-Test\Machine-failure-prediction\model\predictive_maintenance, platform=None, authentication=None, verbose=True)
2024-05-09 15:01:22,002:WARNING:
'cuml' is a soft dependency and not included in the pycaret installation. Please run: `pip install cuml` to install.
2024-05-09 15:01:22,008:WARNING:
'cuml' is a soft dependency and not included in the pycaret installation. Please run: `pip install cuml` to install.
2024-05-09 15:01:22,008:WARNING:
'cuml' is a soft dependency and not included in the pycaret installation. Please run: `pip install cuml` to install.
2024-05-09 15:01:22,008:WARNING:
'cuml' is a soft dependency and not included in the pycaret installation. Please run: `pip install cuml` to install.
2024-05-09 15:01:22,988:INFO:Initializing load_model()
2024-05-09 15:01:22,988:INFO:load_model(model_name=C:\Users\BS-Test\Machine-failure-prediction\model\predictive_maintenance, platform=None, authentication=None, verbose=True)
2024-05-09 15:01:26,333:WARNING:
'cuml' is a soft dependency and not included in the pycaret installation. Please run: `pip install cuml` to install.
2024-05-09 15:01:26,340:WARNING:
'cuml' is a soft dependency and not included in the pycaret installation. Please run: `pip install cuml` to install.
2024-05-09 15:01:26,340:WARNING:
'cuml' is a soft dependency and not included in the pycaret installation. Please run: `pip install cuml` to install.
2024-05-09 15:01:26,340:WARNING:
'cuml' is a soft dependency and not included in the pycaret installation. Please run: `pip install cuml` to install.
2024-05-09 15:01:27,219:INFO:Initializing load_model()
2024-05-09 15:01:27,219:INFO:load_model(model_name=C:\Users\BS-Test\Machine-failure-prediction\model\predictive_maintenance, platform=None, authentication=None, verbose=True)
2024-05-09 15:01:30,442:WARNING:
'cuml' is a soft dependency and not included in the pycaret installation. Please run: `pip install cuml` to install.
2024-05-09 15:01:30,447:WARNING:
'cuml' is a soft dependency and not included in the pycaret installation. Please run: `pip install cuml` to install.
2024-05-09 15:01:30,447:WARNING:
'cuml' is a soft dependency and not included in the pycaret installation. Please run: `pip install cuml` to install.
2024-05-09 15:01:30,447:WARNING:
'cuml' is a soft dependency and not included in the pycaret installation. Please run: `pip install cuml` to install.
2024-05-09 15:01:31,397:INFO:Initializing load_model()
2024-05-09 15:01:31,398:INFO:load_model(model_name=C:\Users\BS-Test\Machine-failure-prediction\model\predictive_maintenance, platform=None, authentication=None, verbose=True)
2024-05-09 15:01:52,525:WARNING:
'cuml' is a soft dependency and not included in the pycaret installation. Please run: `pip install cuml` to install.
2024-05-09 15:01:52,531:WARNING:
'cuml' is a soft dependency and not included in the pycaret installation. Please run: `pip install cuml` to install.
2024-05-09 15:01:52,531:WARNING:
'cuml' is a soft dependency and not included in the pycaret installation. Please run: `pip install cuml` to install.
2024-05-09 15:01:52,531:WARNING:
'cuml' is a soft dependency and not included in the pycaret installation. Please run: `pip install cuml` to install.
2024-05-09 15:01:53,396:INFO:Initializing load_model()
2024-05-09 15:01:53,396:INFO:load_model(model_name=C:\Users\BS-Test\Machine-failure-prediction\model\predictive_maintenance, platform=None, authentication=None, verbose=True)
2024-05-09 15:01:56,494:WARNING:
'cuml' is a soft dependency and not included in the pycaret installation. Please run: `pip install cuml` to install.
2024-05-09 15:01:56,498:WARNING:
'cuml' is a soft dependency and not included in the pycaret installation. Please run: `pip install cuml` to install.
2024-05-09 15:01:56,498:WARNING:
'cuml' is a soft dependency and not included in the pycaret installation. Please run: `pip install cuml` to install.
2024-05-09 15:01:56,498:WARNING:
'cuml' is a soft dependency and not included in the pycaret installation. Please run: `pip install cuml` to install.
2024-05-09 15:01:57,388:INFO:Initializing load_model()
2024-05-09 15:01:57,389:INFO:load_model(model_name=C:\Users\BS-Test\Machine-failure-prediction\model\predictive_maintenance, platform=None, authentication=None, verbose=True)
2024-05-09 15:02:15,040:WARNING:
'cuml' is a soft dependency and not included in the pycaret installation. Please run: `pip install cuml` to install.
2024-05-09 15:02:15,045:WARNING:
'cuml' is a soft dependency and not included in the pycaret installation. Please run: `pip install cuml` to install.
2024-05-09 15:02:15,045:WARNING:
'cuml' is a soft dependency and not included in the pycaret installation. Please run: `pip install cuml` to install.
2024-05-09 15:02:15,045:WARNING:
'cuml' is a soft dependency and not included in the pycaret installation. Please run: `pip install cuml` to install.
2024-05-09 15:02:15,973:INFO:Initializing load_model()
2024-05-09 15:02:15,973:INFO:load_model(model_name=C:\Users\BS-Test\Machine-failure-prediction\model\predictive_maintenance, platform=None, authentication=None, verbose=True)
2024-05-09 15:02:19,165:WARNING:
'cuml' is a soft dependency and not included in the pycaret installation. Please run: `pip install cuml` to install.
2024-05-09 15:02:19,167:WARNING:
'cuml' is a soft dependency and not included in the pycaret installation. Please run: `pip install cuml` to install.
2024-05-09 15:02:19,167:WARNING:
'cuml' is a soft dependency and not included in the pycaret installation. Please run: `pip install cuml` to install.
2024-05-09 15:02:19,167:WARNING:
'cuml' is a soft dependency and not included in the pycaret installation. Please run: `pip install cuml` to install.
2024-05-09 15:02:20,080:INFO:Initializing load_model()
2024-05-09 15:02:20,080:INFO:load_model(model_name=C:\Users\BS-Test\Machine-failure-prediction\model\predictive_maintenance, platform=None, authentication=None, verbose=True)
2024-05-09 15:03:08,293:WARNING:
'cuml' is a soft dependency and not included in the pycaret installation. Please run: `pip install cuml` to install.
2024-05-09 15:03:08,298:WARNING:
'cuml' is a soft dependency and not included in the pycaret installation. Please run: `pip install cuml` to install.
2024-05-09 15:03:08,298:WARNING:
'cuml' is a soft dependency and not included in the pycaret installation. Please run: `pip install cuml` to install.
2024-05-09 15:03:08,298:WARNING:
'cuml' is a soft dependency and not included in the pycaret installation. Please run: `pip install cuml` to install.
2024-05-09 15:03:09,208:INFO:Initializing load_model()
2024-05-09 15:03:09,208:INFO:load_model(model_name=C:\Users\BS-Test\Machine-failure-prediction\model\predictive_maintenance, platform=None, authentication=None, verbose=True)
2024-05-09 15:03:12,456:WARNING:
'cuml' is a soft dependency and not included in the pycaret installation. Please run: `pip install cuml` to install.
2024-05-09 15:03:12,461:WARNING:
'cuml' is a soft dependency and not included in the pycaret installation. Please run: `pip install cuml` to install.
2024-05-09 15:03:12,461:WARNING:
'cuml' is a soft dependency and not included in the pycaret installation. Please run: `pip install cuml` to install.
2024-05-09 15:03:12,461:WARNING:
'cuml' is a soft dependency and not included in the pycaret installation. Please run: `pip install cuml` to install.
2024-05-09 15:03:13,362:INFO:Initializing load_model()
2024-05-09 15:03:13,362:INFO:load_model(model_name=C:\Users\BS-Test\Machine-failure-prediction\model\predictive_maintenance, platform=None, authentication=None, verbose=True)
2024-05-09 15:03:50,288:WARNING:
'cuml' is a soft dependency and not included in the pycaret installation. Please run: `pip install cuml` to install.
2024-05-09 15:03:50,294:WARNING:
'cuml' is a soft dependency and not included in the pycaret installation. Please run: `pip install cuml` to install.
2024-05-09 15:03:50,294:WARNING:
'cuml' is a soft dependency and not included in the pycaret installation. Please run: `pip install cuml` to install.
2024-05-09 15:03:50,294:WARNING:
'cuml' is a soft dependency and not included in the pycaret installation. Please run: `pip install cuml` to install.
2024-05-09 15:03:51,250:INFO:Initializing load_model()
2024-05-09 15:03:51,250:INFO:load_model(model_name=C:\Users\BS-Test\Machine-failure-prediction\model\predictive_maintenance, platform=None, authentication=None, verbose=True)
2024-05-09 15:03:54,465:WARNING:
'cuml' is a soft dependency and not included in the pycaret installation. Please run: `pip install cuml` to install.
2024-05-09 15:03:54,466:WARNING:
'cuml' is a soft dependency and not included in the pycaret installation. Please run: `pip install cuml` to install.
2024-05-09 15:03:54,466:WARNING:
'cuml' is a soft dependency and not included in the pycaret installation. Please run: `pip install cuml` to install.
2024-05-09 15:03:54,466:WARNING:
'cuml' is a soft dependency and not included in the pycaret installation. Please run: `pip install cuml` to install.
2024-05-09 15:03:55,340:INFO:Initializing load_model()
2024-05-09 15:03:55,340:INFO:load_model(model_name=C:\Users\BS-Test\Machine-failure-prediction\model\predictive_maintenance, platform=None, authentication=None, verbose=True)
2024-05-09 15:03:58,420:WARNING:
'cuml' is a soft dependency and not included in the pycaret installation. Please run: `pip install cuml` to install.
2024-05-09 15:03:58,420:WARNING:
'cuml' is a soft dependency and not included in the pycaret installation. Please run: `pip install cuml` to install.
2024-05-09 15:03:58,420:WARNING:
'cuml' is a soft dependency and not included in the pycaret installation. Please run: `pip install cuml` to install.
2024-05-09 15:03:58,420:WARNING:
'cuml' is a soft dependency and not included in the pycaret installation. Please run: `pip install cuml` to install.
2024-05-09 15:03:59,290:INFO:Initializing load_model()
2024-05-09 15:03:59,290:INFO:load_model(model_name=C:\Users\BS-Test\Machine-failure-prediction\model\predictive_maintenance, platform=None, authentication=None, verbose=True)
2024-05-09 15:04:11,302:WARNING:
'cuml' is a soft dependency and not included in the pycaret installation. Please run: `pip install cuml` to install.
2024-05-09 15:04:11,314:WARNING:
'cuml' is a soft dependency and not included in the pycaret installation. Please run: `pip install cuml` to install.
2024-05-09 15:04:11,314:WARNING:
'cuml' is a soft dependency and not included in the pycaret installation. Please run: `pip install cuml` to install.
2024-05-09 15:04:11,314:WARNING:
'cuml' is a soft dependency and not included in the pycaret installation. Please run: `pip install cuml` to install.
2024-05-09 15:04:12,231:INFO:Initializing load_model()
2024-05-09 15:04:12,231:INFO:load_model(model_name=C:\Users\BS-Test\Machine-failure-prediction\model\predictive_maintenance, platform=None, authentication=None, verbose=True)
